[debug] [2018-04-03T02:21:00.148Z] ----------------------------------------------------------------------
[debug] [2018-04-03T02:21:00.150Z] Command:       /usr/local/bin/node /usr/local/bin/firebase init visit-australia
[debug] [2018-04-03T02:21:00.151Z] CLI Version:   3.17.7
[debug] [2018-04-03T02:21:00.151Z] Platform:      darwin
[debug] [2018-04-03T02:21:00.151Z] Node Version:  v8.10.0
[debug] [2018-04-03T02:21:00.151Z] Time:          Mon Apr 02 2018 19:21:00 GMT-0700 (PDT)
[debug] [2018-04-03T02:21:00.151Z] ----------------------------------------------------------------------
[debug] 
[debug] [2018-04-03T02:21:00.160Z] > command requires scopes: ["email","openid","https://www.googleapis.com/auth/cloudplatformprojects.readonly","https://www.googleapis.com/auth/firebase"]
[debug] [2018-04-03T02:21:00.160Z] > authorizing via signed-in user
[info] 
     🔥🔥🔥🔥🔥🔥🔥🔥 🔥🔥🔥🔥 🔥🔥🔥🔥🔥🔥🔥🔥  🔥🔥🔥🔥🔥🔥🔥🔥 🔥🔥🔥🔥🔥🔥🔥🔥     🔥🔥🔥     🔥🔥🔥🔥🔥🔥  🔥🔥🔥🔥🔥🔥🔥🔥
     🔥🔥        🔥🔥  🔥🔥     🔥🔥 🔥🔥       🔥🔥     🔥🔥  🔥🔥   🔥🔥  🔥🔥       🔥🔥
     🔥🔥🔥🔥🔥🔥    🔥🔥  🔥🔥🔥🔥🔥🔥🔥🔥  🔥🔥🔥🔥🔥🔥   🔥🔥🔥🔥🔥🔥🔥🔥  🔥🔥🔥🔥🔥🔥🔥🔥🔥  🔥🔥🔥🔥🔥🔥  🔥🔥🔥🔥🔥🔥
     🔥🔥        🔥🔥  🔥🔥    🔥🔥  🔥🔥       🔥🔥     🔥🔥 🔥🔥     🔥🔥       🔥🔥 🔥🔥
     🔥🔥       🔥🔥🔥🔥 🔥🔥     🔥🔥 🔥🔥🔥🔥🔥🔥🔥🔥 🔥🔥🔥🔥🔥🔥🔥🔥  🔥🔥     🔥🔥  🔥🔥🔥🔥🔥🔥  🔥🔥🔥🔥🔥🔥🔥🔥

You're about to initialize a Firebase project in this directory:

  /Users/maggie/Desktop/visit-australia

[info] 
=== Project Setup
[info] 
[info] First, let's associate this project directory with a Firebase project.
[info] You can create multiple project aliases by running firebase use --add, 
[info] but for now we'll just set up a default project.
[info] 
[debug] [2018-04-03T02:21:00.166Z] >>> HTTP REQUEST GET https://admin.firebase.com/v1/projects  
  
 Mon Apr 02 2018 19:21:00 GMT-0700 (PDT)
[debug] [2018-04-03T02:21:00.641Z] <<< HTTP RESPONSE 200
[info] 
=== Visit-australia Setup
[debug] [2018-04-03T02:21:09.312Z] TypeError: features[nextFeature] is not a function
    at init (/usr/local/lib/node_modules/firebase-tools/lib/init/index.js:14:46)
    at /usr/local/lib/node_modules/firebase-tools/lib/init/index.js:15:14
    at tryCatch (/usr/local/lib/node_modules/firebase-tools/node_modules/rsvp/dist/rsvp.js:525:12)
    at invokeCallback (/usr/local/lib/node_modules/firebase-tools/node_modules/rsvp/dist/rsvp.js:538:13)
    at publish (/usr/local/lib/node_modules/firebase-tools/node_modules/rsvp/dist/rsvp.js:508:7)
    at flush (/usr/local/lib/node_modules/firebase-tools/node_modules/rsvp/dist/rsvp.js:2415:5)
    at _combinedTickCallback (internal/process/next_tick.js:131:7)
    at process._tickDomainCallback (internal/process/next_tick.js:218:9)
[error] 
[error] Error: An unexpected error has occurred.
